make all --print-data-base --no-builtin-variables --no-builtin-rules --question
# GNU Make 3.81
# Copyright (C) 2006  Free Software Foundation, Inc.
# This is free software; see the source for copying conditions.
# There is NO warranty; not even for MERCHANTABILITY or FITNESS FOR A
# PARTICULAR PURPOSE.

# This program built for i386-apple-darwin11.3.0
 
make: *** No rule to make target `all'.  Stop.


# Make data base, printed on Sun Jul 31 19:18:04 2022

# Variables

# automatic
<D = $(patsubst %/,%,$(dir $<))
# automatic
?F = $(notdir $?)
 
# environment
NVM_INC = /Users/sadiqevani/.nvm/versions/node/v16.14.0/include/node
# automatic
?D = $(patsubst %/,%,$(dir $?))
# environment
CPPFLAGS = -I/opt/homebrew/opt/openssl@3/include
# environment
ARCHFLAGS = -arch arm64
# automatic
@D = $(patsubst %/,%,$(dir $@))
# automatic
@F = $(notdir $@)
# makefile
CURDIR := /Users/sadiqevani/Laboratory/CSCK502/virusexpert
# makefile
SHELL = /bin/sh
# environment
VSCODE_NLS_CONFIG = {"locale":"en-us","availableLanguages":{},"_languagePackSupport":true}
# environment
_ = /usr/bin/make
# makefile (from `Makefile', line 1)
MAKEFILE_LIST :=  Makefile
# environment
__CFBundleIdentifier = com.microsoft.VSCode
# environment
INFOPATH = /opt/homebrew/share/info:
# environment
DENO_DEPLOY_TOKEN = ddp_thZDw4NiHOpohLNJ4HgFrh4yT0AtPp4eZ2YK
# environment
VSCODE_CWD = /
# environment
PATH = /Users/sadiqevani/.nvm/versions/node/v16.14.0/bin:/opt/homebrew/anaconda3/condabin:/Users/sadiqevani/.pyenv/shims:/Users/sadiqevani/.deno/bin:/Users/sadiqevani/.pyenv/bin:/Users/sadiqevani/.cargo/bin:/opt/homebrew/bin:/opt/homebrew/sbin:/usr/local/bin:/usr/bin:/bin:/usr/sbin:/sbin:/Library/TeX/texbin:/usr/local/MacGPG2/bin:/Library/Apple/usr/bin:/Users/sadiqevani/.jetbrains:/Users/sadiqevani/.go/bin
# environment
LSCOLORS = Gxfxcxdxbxegedabagacad
# environment
GOPATH = /Users/sadiqevani/.go
# environment
NVM_BIN = /Users/sadiqevani/.nvm/versions/node/v16.14.0/bin
# environment
ELECTRON_RUN_AS_NODE = 1
# environment
PYENV_ROOT = /Users/sadiqevani/.pyenv
# environment
LDFLAGS = -L/opt/homebrew/opt/openssl@3/lib
# default
.FEATURES := target-specific order-only second-expansion else-if archives jobserver check-symlink
# environment
LS_COLORS = no=00:fi=00:di=01;34:ln=00;36:pi=40;33:so=01;35:do=01;35:bd=40;33;01:cd=40;33;01:or=41;33;01:ex=00;32:*.cmd=00;32:*.exe=01;32:*.com=01;32:*.bat=01;32:*.btm=01;32:*.dll=01;32:*.tar=00;31:*.tbz=00;31:*.tgz=00;31:*.rpm=00;31:*.deb=00;31:*.arj=00;31:*.taz=00;31:*.lzh=00;31:*.lzma=00;31:*.zip=00;31:*.zoo=00;31:*.z=00;31:*.Z=00;31:*.gz=00;31:*.bz2=00;31:*.tb2=00;31:*.tz2=00;31:*.tbz2=00;31:*.avi=01;35:*.bmp=01;35:*.fli=01;35:*.gif=01;35:*.jpg=01;35:*.jpeg=01;35:*.mng=01;35:*.mov=01;35:*.mpg=01;35:*.pcx=01;35:*.pbm=01;35:*.pgm=01;35:*.png=01;35:*.ppm=01;35:*.tga=01;35:*.tif=01;35:*.xbm=01;35:*.xpm=01;35:*.dl=01;35:*.gl=01;35:*.wmv=01;35:*.aiff=00;32:*.au=00;32:*.mid=00;32:*.mp3=00;32:*.ogg=00;32:*.voc=00;32:*.wav=00;32:
# environment
SSH_AUTH_SOCK = /private/tmp/com.apple.launchd.vCMtK5SPdJ/Listeners
# automatic
%F = $(notdir $%)
# environment
CONDA_EXE = /opt/homebrew/anaconda3/bin/conda
# environment
PWD = /Users/sadiqevani/Laboratory/CSCK502/virusexpert
# environment
HOMEBREW_CELLAR = /opt/homebrew/Cellar
# environment
ORIGINAL_XDG_CURRENT_DESKTOP = undefined
# environment
MANPATH = /Users/sadiqevani/.nvm/versions/node/v16.14.0/share/man:/usr/local/man:/opt/homebrew/share/man::
# environment
VSCODE_AMD_ENTRYPOINT = vs/workbench/api/node/extensionHostProcess
# environment
PYENV_SHELL = zsh
# environment
HOME = /Users/sadiqevani
# default
MAKEFILEPATH := /Applications/Xcode.app/Contents/Developer/Makefiles
# environment
VSCODE_CODE_CACHE_PATH = /Users/sadiqevani/Library/Application Support/Code/CachedData/b06ae3b2d2dbfe28bca3134cc6be65935cdfea6a
# environment
LOGNAME = sadiqevani
# environment
APPLICATION_INSIGHTS_NO_DIAGNOSTIC_CHANNEL = true
# environment
NVM_CD_FLAGS = -q
# environment
ZSH = /Users/sadiqevani/.oh-my-zsh
# environment
VSCODE_HANDLES_UNCAUGHT_ERRORS = true
# automatic
^D = $(patsubst %/,%,$(dir $^))
# environment
XPC_FLAGS = 0x0
# default
MAKE = $(MAKE_COMMAND)
# default
MAKECMDGOALS := all
# environment
SHLVL = 1
# default
MAKE_VERSION := 3.81
# environment
USER = sadiqevani
# makefile
.DEFAULT_GOAL := start
# environment
LESS = -R
# automatic
%D = $(patsubst %/,%,$(dir $%))
# environment
CONDA_SHLVL = 0
# default
MAKE_COMMAND := /Applications/Xcode.app/Contents/Developer/usr/bin/make
# default
.VARIABLES := 
# environment
TMPDIR = /var/folders/3w/5wr23fq155qbqfc9t08h51jc0000gn/T/
# automatic
*F = $(notdir $*)
# environment
VSCODE_IPC_HOOK = /Users/sadiqevani/Library/Application Support/Code/1.69.1-main.sock
# environment
MallocNanoZone = 0
# makefile
MAKEFLAGS = Rrqp
# environment
MFLAGS = -Rrqp
# automatic
*D = $(patsubst %/,%,$(dir $*))
# environment
NVM_DIR = /Users/sadiqevani/.nvm
# environment
XPC_SERVICE_NAME = application.com.microsoft.VSCode.41532762.41532768
# environment
HOMEBREW_PREFIX = /opt/homebrew
# automatic
+D = $(patsubst %/,%,$(dir $+))
# automatic
+F = $(notdir $+)
# environment
HOMEBREW_REPOSITORY = /opt/homebrew
# environment
__CF_USER_TEXT_ENCODING = 0x1F5:0x0:0x0
# environment
COMMAND_MODE = unix2003
# default
MAKEFILES := 
# automatic
<F = $(notdir $<)
# environment
EDITOR = mvim
# environment
PAGER = less
# environment
LC_ALL = C
# environment
CONDA_PYTHON_EXE = /opt/homebrew/anaconda3/bin/python
# automatic
^F = $(notdir $^)
# default
SUFFIXES := 
# environment
_CE_M = 
# environment
MAKELEVEL := 0
# environment
LANG = C
# environment
VSCODE_PID = 55331
# environment
_CE_CONDA = 
# variable set hash-table stats:
# Load=84/1024=8%, Rehash=0, Collisions=2/107=2%

# Pattern-specific Variable Values

# No pattern-specific variable values.

# Directories

# . (device 16777231, inode 39814630): 8 files, no impossibilities.

# 8 files, no impossibilities in 1 directories.

# Implicit Rules

# No implicit rules.

# Files

# Not a target:
all:
#  Command-line target.
#  Implicit rule search has been done.
#  File does not exist.
#  File has not been updated.
# variable set hash-table stats:
# Load=0/32=0%, Rehash=0, Collisions=0/0=0%
 

# Not a target:
.SUFFIXES:
#  Implicit rule search has not been done.
#  Modification time never checked.
#  File has not been updated.

# Not a target:
Makefile:
#  Implicit rule search has been done.
#  Last modified 2022-07-10 15:14:55
#  File has been updated.
#  Successfully updated.
# variable set hash-table stats:
# Load=0/32=0%, Rehash=0, Collisions=0/0=0%

start:
#  Implicit rule search has not been done.
#  Modification time never checked.
#  File has not been updated.
#  commands to execute (from `Makefile', line 3):
	swipl -s src/main.pl
	

# Not a target:
.DEFAULT:
#  Implicit rule search has not been done.
#  Modification time never checked.
#  File has not been updated.

# files hash-table stats:
# Load=5/1024=0%, Rehash=0, Collisions=0/17=0%
# VPATH Search Paths

# No `vpath' search paths.

# No general (`VPATH' variable) search path.

# # of strings in strcache: 1
# # of strcache buffers: 1
# strcache size: total = 4096 / max = 4096 / min = 4096 / avg = 4096
# strcache free: total = 4087 / max = 4087 / min = 4087 / avg = 4087

# Finished Make data base on Sun Jul 31 19:18:04 2022

 
